<?xml version="1.0" encoding="UTF-8"?>
<coverage generated="1717394020553" clover="3.2.0">
  <project timestamp="1717394020554" name="All files">
    <metrics statements="8" coveredstatements="6" conditionals="4" coveredconditionals="3" methods="5" coveredmethods="4" elements="17" coveredelements="13" complexity="0" loc="8" ncloc="8" packages="1" files="1" classes="1"/>
    <file name="MotorBike.js" path="C:\Users\OWNER\Documents\SecondSemester\JavaScript\projects\motorCycleObject\MotorBike.js">
      <metrics statements="8" coveredstatements="6" conditionals="4" coveredconditionals="3" methods="5" coveredmethods="4"/>
      <line num="3" count="1" type="stmt"/>
      <line num="12" count="1" type="stmt"/>
      <line num="13" count="1" type="stmt"/>
      <line num="17" count="0" type="stmt"/>
      <line num="18" count="0" type="stmt"/>
      <line num="22" count="1" type="cond" truecount="3" falsecount="1"/>
      <line num="26" count="1" type="stmt"/>
      <line num="38" count="1" type="stmt"/>
    </file>
  </project>
</coverage>
