{"C:\\Users\\OWNER\\Documents\\second-Semester-Projects\\JavaScript\\WebstormProjects\\arrayMethodsPractice\\arrTasks.js": {"path":"C:\\Users\\OWNER\\Documents\\second-Semester-Projects\\JavaScript\\WebstormProjects\\arrayMethodsPractice\\arrTasks.js","statementMap":{"0":{"start":{"line":1,"column":15},"end":{"line":1,"column":17}},"1":{"start":{"line":2,"column":17},"end":{"line":2,"column":56}},"2":{"start":{"line":3,"column":19},"end":{"line":3,"column":32}},"3":{"start":{"line":4,"column":19},"end":{"line":4,"column":53}},"4":{"start":{"line":5,"column":19},"end":{"line":5,"column":70}},"5":{"start":{"line":6,"column":17},"end":{"line":11,"column":1}},"6":{"start":{"line":14,"column":4},"end":{"line":16,"column":7}},"7":{"start":{"line":15,"column":8},"end":{"line":15,"column":46}},"8":{"start":{"line":19,"column":4},"end":{"line":21,"column":7}},"9":{"start":{"line":20,"column":8},"end":{"line":20,"column":35}},"10":{"start":{"line":24,"column":4},"end":{"line":26,"column":7}},"11":{"start":{"line":25,"column":8},"end":{"line":25,"column":41}},"12":{"start":{"line":30,"column":21},"end":{"line":30,"column":64}},"13":{"start":{"line":31,"column":24},"end":{"line":31,"column":26}},"14":{"start":{"line":32,"column":4},"end":{"line":32,"column":14}},"15":{"start":{"line":33,"column":4},"end":{"line":36,"column":5}},"16":{"start":{"line":34,"column":8},"end":{"line":34,"column":56}},"17":{"start":{"line":35,"column":8},"end":{"line":35,"column":16}},"18":{"start":{"line":37,"column":4},"end":{"line":37,"column":25}},"19":{"start":{"line":39,"column":32},"end":{"line":41,"column":2}},"20":{"start":{"line":40,"column":4},"end":{"line":40,"column":68}},"21":{"start":{"line":43,"column":13},"end":{"line":43,"column":14}},"22":{"start":{"line":44,"column":4},"end":{"line":46,"column":5}},"23":{"start":{"line":45,"column":8},"end":{"line":45,"column":30}},"24":{"start":{"line":47,"column":4},"end":{"line":47,"column":15}},"25":{"start":{"line":51,"column":0},"end":{"line":51,"column":52}},"26":{"start":{"line":52,"column":0},"end":{"line":52,"column":50}},"27":{"start":{"line":53,"column":0},"end":{"line":53,"column":48}},"28":{"start":{"line":54,"column":0},"end":{"line":54,"column":43}},"29":{"start":{"line":55,"column":0},"end":{"line":55,"column":39}},"30":{"start":{"line":56,"column":0},"end":{"line":56,"column":39}},"31":{"start":{"line":58,"column":0},"end":{"line":58,"column":153}}},"fnMap":{"0":{"name":"findTestScoresAboveSeventy","decl":{"start":{"line":13,"column":9},"end":{"line":13,"column":35}},"loc":{"start":{"line":13,"column":47},"end":{"line":17,"column":1}},"line":13},"1":{"name":"(anonymous_1)","decl":{"start":{"line":14,"column":29},"end":{"line":14,"column":30}},"loc":{"start":{"line":14,"column":59},"end":{"line":16,"column":5}},"line":14},"2":{"name":"increaseTestScoresByFive","decl":{"start":{"line":18,"column":9},"end":{"line":18,"column":33}},"loc":{"start":{"line":18,"column":45},"end":{"line":22,"column":1}},"line":18},"3":{"name":"(anonymous_3)","decl":{"start":{"line":19,"column":26},"end":{"line":19,"column":27}},"loc":{"start":{"line":19,"column":46},"end":{"line":21,"column":5}},"line":19},"4":{"name":"findSquaresOfNumbers","decl":{"start":{"line":23,"column":9},"end":{"line":23,"column":29}},"loc":{"start":{"line":23,"column":43},"end":{"line":27,"column":1}},"line":23},"5":{"name":"(anonymous_5)","decl":{"start":{"line":24,"column":28},"end":{"line":24,"column":29}},"loc":{"start":{"line":24,"column":45},"end":{"line":26,"column":5}},"line":24},"6":{"name":"distributeBooks","decl":{"start":{"line":29,"column":9},"end":{"line":29,"column":24}},"loc":{"start":{"line":29,"column":29},"end":{"line":38,"column":1}},"line":29},"7":{"name":"(anonymous_7)","decl":{"start":{"line":39,"column":52},"end":{"line":39,"column":53}},"loc":{"start":{"line":39,"column":72},"end":{"line":41,"column":1}},"line":39},"8":{"name":"sumValuesInObj","decl":{"start":{"line":42,"column":9},"end":{"line":42,"column":23}},"loc":{"start":{"line":42,"column":35},"end":{"line":48,"column":1}},"line":42}},"branchMap":{"0":{"loc":{"start":{"line":40,"column":11},"end":{"line":40,"column":67}},"type":"binary-expr","locations":[{"start":{"line":40,"column":11},"end":{"line":40,"column":37}},{"start":{"line":40,"column":41},"end":{"line":40,"column":67}}],"line":40}},"s":{"0":1,"1":1,"2":1,"3":1,"4":1,"5":1,"6":2,"7":20,"8":1,"9":10,"10":1,"11":4,"12":1,"13":1,"14":1,"15":1,"16":4,"17":4,"18":1,"19":1,"20":5,"21":1,"22":1,"23":4,"24":1,"25":1,"26":1,"27":1,"28":1,"29":1,"30":1,"31":1},"f":{"0":2,"1":20,"2":1,"3":10,"4":1,"5":4,"6":1,"7":5,"8":1},"b":{"0":[5,4]},"_coverageSchema":"1a1c01bbd47fc00a2c39e90264f33305004495a9","hash":"5913256eddfd751eb97941bc9497fd38805cd5e4"}
}
