TN:
SF:arrayMethodsPractice\arrTasks.js
FN:13,findTestScoresAboveSeventy
FN:14,(anonymous_1)
FN:18,increaseTestScoresByFive
FN:19,(anonymous_3)
FN:23,findSquaresOfNumbers
FN:24,(anonymous_5)
FN:29,distributeBooks
FN:39,(anonymous_7)
FN:42,sumValuesInObj
FNF:9
FNH:9
FNDA:2,findTestScoresAboveSeventy
FNDA:20,(anonymous_1)
FNDA:1,increaseTestScoresByFive
FNDA:10,(anonymous_3)
FNDA:1,findSquaresOfNumbers
FNDA:4,(anonymous_5)
FNDA:1,distributeBooks
FNDA:5,(anonymous_7)
FNDA:1,sumValuesInObj
DA:1,1
DA:2,1
DA:3,1
DA:4,1
DA:5,1
DA:6,1
DA:14,2
DA:15,20
DA:19,1
DA:20,10
DA:24,1
DA:25,4
DA:30,1
DA:31,1
DA:32,1
DA:33,1
DA:34,4
DA:35,4
DA:37,1
DA:39,1
DA:40,5
DA:43,1
DA:44,1
DA:45,4
DA:47,1
DA:51,1
DA:52,1
DA:53,1
DA:54,1
DA:55,1
DA:56,1
DA:58,1
LF:32
LH:32
BRDA:40,0,0,5
BRDA:40,0,1,4
BRF:2
BRH:2
end_of_record
